#
# A fatal error has been detected by the Java Runtime Environment:
#
#  Internal Error (os_windows.cpp:3916), pid=1920, tid=3152
#  Error: guarantee(_ParkHandle != 0,"Invariant")
#
# JRE version: 6.0_14-b08
# Java VM: Java HotSpot(TM) Client VM (14.0-b16 mixed mode windows-x86 )
# If you would like to submit a bug report, please visit:
#   http://java.sun.com/webapps/bugreport/crash.jsp
#

---------------  T H R E A D  ---------------

Current thread (0x0aac7c00):  JavaThread "JDWP Event Helper Thread" daemon [_thread_in_vm, id=3152, stack(0x0ada0000,0x0adf0000)]

Stack: [0x0ada0000,0x0adf0000],  sp=0x0adef8d4,  free space=318k
Native frames: (J=compiled Java code, j=interpreted, Vv=VM code, C=native code)
V  [jvm.dll+0x1e5fe7]
V  [jvm.dll+0xa05e8]
V  [jvm.dll+0x1718e6]
V  [jvm.dll+0x16324e]
V  [jvm.dll+0x163554]
V  [jvm.dll+0x123773]


---------------  P R O C E S S  ---------------

Java Threads: ( => current thread )
  0x002b6c00 JavaThread "<no-name - thread is attaching>" [_thread_in_Java, id=3380, stack(0x008c0000,0x00910000)]
  0x0afa1800 JavaThread "BlueJ worker thread" [_thread_blocked, id=4092, stack(0x0b350000,0x0b3a0000)]
  0x0afe6400 JavaThread "main" [_thread_blocked, id=4088, stack(0x0b300000,0x0b350000)]
  0x0af99400 JavaThread "AWT-Windows" daemon [_thread_in_native, id=3744, stack(0x0b250000,0x0b2a0000)]
  0x0af97800 JavaThread "AWT-Shutdown" [_thread_blocked, id=3692, stack(0x0b200000,0x0b250000)]
  0x0af96400 JavaThread "Java2D Disposer" daemon [_thread_blocked, id=308, stack(0x0b1b0000,0x0b200000)]
  0x0aad8000 JavaThread "Low Memory Detector" daemon [_thread_blocked, id=2984, stack(0x0ae90000,0x0aee0000)]
  0x0aad5000 JavaThread "CompilerThread0" daemon [_thread_blocked, id=2184, stack(0x0ae40000,0x0ae90000)]
  0x0aac9800 JavaThread "JDWP Command Reader" daemon [_thread_in_native, id=3500, stack(0x0adf0000,0x0ae40000)]
=>0x0aac7c00 JavaThread "JDWP Event Helper Thread" daemon [_thread_in_vm, id=3152, stack(0x0ada0000,0x0adf0000)]
  0x0aac4400 JavaThread "JDWP Transport Listener: dt_socket" daemon [_thread_blocked, id=3348, stack(0x0ad50000,0x0ada0000)]
  0x0aab9400 JavaThread "Attach Listener" daemon [_thread_blocked, id=548, stack(0x0ac70000,0x0acc0000)]
  0x0aab8000 JavaThread "Signal Dispatcher" daemon [_thread_blocked, id=3132, stack(0x0ac20000,0x0ac70000)]
  0x0aaa9000 JavaThread "Finalizer" daemon [_thread_blocked, id=2820, stack(0x0abd0000,0x0ac20000)]
  0x0aaa4400 JavaThread "Reference Handler" daemon [_thread_blocked, id=3060, stack(0x0ab80000,0x0abd0000)]

Other Threads:
  0x0aaa0400 VMThread [stack: 0x0ab30000,0x0ab80000] [id=2284]
  0x0aaebc00 WatcherThread [stack: 0x0aee0000,0x0af30000] [id=2748]

VM state:not at safepoint (normal execution)

VM Mutex/Monitor currently owned by a thread: None

Heap
 def new generation   total 960K, used 569K [0x02990000, 0x02a90000, 0x02e70000)
  eden space 896K,  63% used [0x02990000, 0x02a1e710, 0x02a70000)
  from space 64K,   0% used [0x02a70000, 0x02a70000, 0x02a80000)
  to   space 64K,   0% used [0x02a80000, 0x02a80000, 0x02a90000)
 tenured generation   total 4096K, used 0K [0x02e70000, 0x03270000, 0x06990000)
   the space 4096K,   0% used [0x02e70000, 0x02e70000, 0x02e70200, 0x03270000)
 compacting perm gen  total 12288K, used 3345K [0x06990000, 0x07590000, 0x0a990000)
   the space 12288K,  27% used [0x06990000, 0x06cd46b0, 0x06cd4800, 0x07590000)
No shared spaces configured.

Dynamic libraries:
0x00400000 - 0x00424000 	C:\Program Files\Java\jdk1.6.0_14\jre\bin\java.exe
0x7c900000 - 0x7c9b2000 	C:\WINDOWS\system32\ntdll.dll
0x7c800000 - 0x7c8f6000 	C:\WINDOWS\system32\kernel32.dll
0x77dd0000 - 0x77e6b000 	C:\WINDOWS\system32\ADVAPI32.dll
0x77e70000 - 0x77f03000 	C:\WINDOWS\system32\RPCRT4.dll
0x77fe0000 - 0x77ff1000 	C:\WINDOWS\system32\Secur32.dll
0x7c340000 - 0x7c396000 	C:\Program Files\Java\jdk1.6.0_14\jre\bin\msvcr71.dll
0x6d8b0000 - 0x6db3b000 	C:\Program Files\Java\jdk1.6.0_14\jre\bin\client\jvm.dll
0x7e410000 - 0x7e4a1000 	C:\WINDOWS\system32\USER32.dll
0x77f10000 - 0x77f59000 	C:\WINDOWS\system32\GDI32.dll
0x76b40000 - 0x76b6d000 	C:\WINDOWS\system32\WINMM.dll
0x76390000 - 0x763ad000 	C:\WINDOWS\system32\IMM32.DLL
0x6d860000 - 0x6d86c000 	C:\Program Files\Java\jdk1.6.0_14\jre\bin\verify.dll
0x6d3e0000 - 0x6d3ff000 	C:\Program Files\Java\jdk1.6.0_14\jre\bin\java.dll
0x6d340000 - 0x6d348000 	C:\Program Files\Java\jdk1.6.0_14\jre\bin\hpi.dll
0x76bf0000 - 0x76bfb000 	C:\WINDOWS\system32\PSAPI.DLL
0x6d430000 - 0x6d459000 	C:\Program Files\Java\jdk1.6.0_14\jre\bin\jdwp.dll
0x6d750000 - 0x6d756000 	C:\Program Files\Java\jdk1.6.0_14\jre\bin\npt.dll
0x6d8a0000 - 0x6d8af000 	C:\Program Files\Java\jdk1.6.0_14\jre\bin\zip.dll
0x6d2b0000 - 0x6d2b7000 	C:\Program Files\Java\jdk1.6.0_14\jre\bin\dt_socket.dll
0x71ab0000 - 0x71ac7000 	C:\WINDOWS\system32\WS2_32.dll
0x77c10000 - 0x77c68000 	C:\WINDOWS\system32\msvcrt.dll
0x71aa0000 - 0x71aa8000 	C:\WINDOWS\system32\WS2HELP.dll
0x71a50000 - 0x71a8f000 	C:\WINDOWS\system32\mswsock.dll
0x662b0000 - 0x66308000 	C:\WINDOWS\system32\hnetcfg.dll
0x71a90000 - 0x71a98000 	C:\WINDOWS\System32\wshtcpip.dll
0x6d0b0000 - 0x6d1fa000 	C:\Program Files\Java\jdk1.6.0_14\jre\bin\awt.dll
0x73000000 - 0x73026000 	C:\WINDOWS\system32\WINSPOOL.DRV
0x774e0000 - 0x7761e000 	C:\WINDOWS\system32\ole32.dll
0x773d0000 - 0x774d3000 	C:\WINDOWS\WinSxS\x86_Microsoft.Windows.Common-Controls_6595b64144ccf1df_6.0.2600.6028_x-ww_61e65202\comctl32.dll
0x77f60000 - 0x77fd6000 	C:\WINDOWS\system32\SHLWAPI.dll
0x5ad70000 - 0x5ada8000 	C:\WINDOWS\system32\uxtheme.dll
0x74720000 - 0x7476c000 	C:\WINDOWS\system32\MSCTF.dll
0x10000000 - 0x10015000 	C:\Documents and Settings\All Users\Application Data\ACTIV Software\ActivApplications\ActivFocusHook.dll
0x77c00000 - 0x77c08000 	C:\WINDOWS\system32\VERSION.dll
0x755c0000 - 0x755ee000 	C:\WINDOWS\system32\msctfime.ime

VM Arguments:
jvm_args: -Xdebug -Xnoagent -Xrunjdwp:transport=dt_socket,server=y 
java_command: bluej.runtime.ExecServer
Launcher Type: SUN_STANDARD

Environment Variables:
CLASSPATH=.;C:\Program Files\Java\jre1.5.0_16\lib\ext\QTJava.zip
PATH=C:\WINDOWS\system32;C:\WINDOWS;C:\WINDOWS\System32\Wbem;C:\Program Files\QuickTime\QTSystem\;C:\WINDOWS\system32\WindowsPowerShell\v1.0
USERNAME=ymayewsk
OS=Windows_NT
PROCESSOR_IDENTIFIER=x86 Family 6 Model 23 Stepping 10, GenuineIntel



---------------  S Y S T E M  ---------------

OS: Windows XP Build 2600 Service Pack 3

CPU:total 2 (2 cores per cpu, 1 threads per core) family 6 model 23 stepping 10, cmov, cx8, fxsr, mmx, sse, sse2, sse3, ssse3, sse4.1

Memory: 4k page, physical 2027048k(1486396k free), swap 3965540k(3520792k free)

vm_info: Java HotSpot(TM) Client VM (14.0-b16) for windows-x86 JRE (1.6.0_14-b08), built on May 21 2009 08:03:56 by "java_re" with MS VC++ 7.1

time: Fri Dec 09 12:57:50 2011
elapsed time: 0 seconds

